<?xml version="1.0" encoding="UTF-8"?>
<testng-results skipped="0" failed="0" ignored="0" total="1" passed="1">
  <reporter-output>
  </reporter-output>
  <suite name="Default suite" duration-ms="1713" started-at="2020-08-05T11:06:39Z" finished-at="2020-08-05T11:06:41Z">
    <groups>
    </groups>
    <test name="Default test" duration-ms="1713" started-at="2020-08-05T11:06:39Z" finished-at="2020-08-05T11:06:41Z">
      <class name="com.RestAssured.RestAPI.PostAPITest">
        <test-method status="PASS" signature="setUp()[pri:0, instance:com.RestAssured.RestAPI.PostAPITest@35083305]" name="setUp" is-config="true" duration-ms="16" started-at="2020-08-05T11:06:39Z" finished-at="2020-08-05T11:06:39Z">
          <reporter-output>
          </reporter-output>
        </test-method> <!-- setUp -->
        <test-method status="PASS" signature="postAPITest()[pri:0, instance:com.RestAssured.RestAPI.PostAPITest@35083305]" name="postAPITest" duration-ms="1631" started-at="2020-08-05T11:06:39Z" finished-at="2020-08-05T11:06:41Z">
          <reporter-output>
          </reporter-output>
        </test-method> <!-- postAPITest -->
      </class> <!-- com.RestAssured.RestAPI.PostAPITest -->
    </test> <!-- Default test -->
  </suite> <!-- Default suite -->
</testng-results>
